2021-07-04 12:58:06.544 - Starting MainApplication on DESKTOP-A434Q92 with PID 10324 (C:\Users\yz391\Desktop\Arrietty\target\classes started by yz391 in C:\Users\yz391\Desktop\Arrietty)
2021-07-04 12:58:06.547 - The following profiles are active: dev
2021-07-04 12:58:07.999 - No MyBatis mapper was found in '[com.arrietty.mapper]' package. Please check your configuration.
2021-07-04 12:58:08.201 - No MyBatis mapper was found in '[com.arrietty]' package. Please check your configuration.
2021-07-04 12:58:08.266 - Multiple Spring Data modules found, entering strict repository configuration mode!
2021-07-04 12:58:08.270 - Bootstrapping Spring Data repositories in DEFAULT mode.
2021-07-04 12:58:08.307 - Finished Spring Data repository scanning in 14ms. Found 0 repository interfaces.
2021-07-04 12:58:09.102 - Bean 'org.springframework.transaction.annotation.ProxyTransactionManagementConfiguration' of type [org.springframework.transaction.annotation.ProxyTransactionManagementConfiguration$$EnhancerBySpringCGLIB$$31376e32] is not eligible for getting processed by all BeanPostProcessors (for example: not eligible for auto-proxying)
2021-07-04 12:58:10.489 - Tomcat initialized with port(s): 8000 (http)
2021-07-04 12:58:10.529 - Starting service [Tomcat]
2021-07-04 12:58:10.530 - Starting Servlet engine: [Apache Tomcat/9.0.17]
2021-07-04 12:58:10.710 - Initializing Spring embedded WebApplicationContext
2021-07-04 12:58:10.710 - Root WebApplicationContext: initialization completed in 4092 ms
2021-07-04 12:58:11.865 - Initializing ExecutorService 'applicationTaskExecutor'
2021-07-04 12:58:12.810 - Tomcat started on port(s): 8000 (http) with context path ''
2021-07-04 12:58:12.815 - Started MainApplication in 6.986 seconds (JVM running for 9.212)
2021-07-04 13:14:09.882 - Initializing Spring DispatcherServlet 'dispatcherServlet'
2021-07-04 13:14:09.883 - Initializing Servlet 'dispatcherServlet'
2021-07-04 13:14:09.896 - Completed initialization in 13 ms
2021-07-04 13:14:10.151 - Starting without optional epoll library
2021-07-04 13:14:10.153 - Starting without optional kqueue library
2021-07-04 13:14:11.251 - 2021/07/04 13:14:11 - [  POST] [http://localhost:8000/service/debug/session] [                          null] - [success] 
2021-07-04 13:14:53.862 - 2021/07/04 13:14:53 - [   GET] [http://localhost:8000/service/debug/session] [                   userId=1234] - [Yuechuan, Zhang] 
2021-07-04 13:15:16.085 - 2021/07/04 13:15:16 - [   GET] [http://localhost:8000/service/debug/session] [                   userId=1234] - [Yuechuan, Zhang] 
2021-07-04 13:16:56.403 - 2021/07/04 13:16:56 - [   GET] [http://localhost:8000/service/debug/session] [                   userId=1234] - [Yuechuan, Zhang] 
2021-07-04 13:17:30.889 - Shutting down ExecutorService 'applicationTaskExecutor'
2021-07-04 13:17:45.297 - Starting MainApplication on DESKTOP-A434Q92 with PID 23464 (C:\Users\yz391\Desktop\Arrietty\target\classes started by yz391 in C:\Users\yz391\Desktop\Arrietty)
2021-07-04 13:17:45.300 - The following profiles are active: dev
2021-07-04 13:17:46.054 - No MyBatis mapper was found in '[com.arrietty.mapper]' package. Please check your configuration.
2021-07-04 13:17:46.181 - No MyBatis mapper was found in '[com.arrietty]' package. Please check your configuration.
2021-07-04 13:17:46.218 - Multiple Spring Data modules found, entering strict repository configuration mode!
2021-07-04 13:17:46.220 - Bootstrapping Spring Data repositories in DEFAULT mode.
2021-07-04 13:17:46.246 - Finished Spring Data repository scanning in 11ms. Found 0 repository interfaces.
2021-07-04 13:17:46.835 - Bean 'org.springframework.transaction.annotation.ProxyTransactionManagementConfiguration' of type [org.springframework.transaction.annotation.ProxyTransactionManagementConfiguration$$EnhancerBySpringCGLIB$$f426cc4e] is not eligible for getting processed by all BeanPostProcessors (for example: not eligible for auto-proxying)
2021-07-04 13:17:48.265 - Tomcat initialized with port(s): 8000 (http)
2021-07-04 13:17:48.314 - Starting service [Tomcat]
2021-07-04 13:17:48.314 - Starting Servlet engine: [Apache Tomcat/9.0.17]
2021-07-04 13:17:48.490 - Initializing Spring embedded WebApplicationContext
2021-07-04 13:17:48.491 - Root WebApplicationContext: initialization completed in 3125 ms
2021-07-04 13:17:49.802 - Initializing ExecutorService 'applicationTaskExecutor'
2021-07-04 13:17:50.847 - Tomcat started on port(s): 8000 (http) with context path ''
2021-07-04 13:17:50.855 - Started MainApplication in 6.39 seconds (JVM running for 7.233)
2021-07-04 13:17:54.402 - Initializing Spring DispatcherServlet 'dispatcherServlet'
2021-07-04 13:17:54.402 - Initializing Servlet 'dispatcherServlet'
2021-07-04 13:17:54.418 - Completed initialization in 15 ms
2021-07-04 13:18:03.561 - Starting without optional epoll library
2021-07-04 13:18:03.569 - Starting without optional kqueue library
2021-07-04 13:18:34.776 - 2021/07/04 13:18:34 - [   GET] [http://localhost:8000/service/debug/session] [                   userId=1234] - [Yuechuan, Zhang] 
2021-07-04 13:22:58.064 - Shutting down ExecutorService 'applicationTaskExecutor'
